2014/08/26 22:42:23 [error] [php] Undefined variable: model (/var/www/yiiBaseFrontAndBack/protected/views/admin/site/index.php:21)
Stack trace:
#0 /var/www/yiiBaseFrontAndBack/1.1.10/web/CController.php(870): SiteController->renderFile()
#1 /var/www/yiiBaseFrontAndBack/1.1.10/web/CController.php(783): SiteController->renderPartial()
#2 /var/www/yiiBaseFrontAndBack/protected/controllers/admin/SiteController.php(32): SiteController->render()
#3 /var/www/yiiBaseFrontAndBack/1.1.10/web/actions/CInlineAction.php(50): SiteController->actionIndex()
#4 /var/www/yiiBaseFrontAndBack/1.1.10/web/CController.php(309): CInlineAction->runWithParams()
#5 /var/www/yiiBaseFrontAndBack/1.1.10/web/filters/CFilterChain.php(134): SiteController->runAction()
#6 /var/www/yiiBaseFrontAndBack/1.1.10/web/filters/CFilter.php(41): CFilterChain->run()
#7 /var/www/yiiBaseFrontAndBack/1.1.10/web/CController.php(1146): CAccessControlFilter->filter()
#8 /var/www/yiiBaseFrontAndBack/1.1.10/web/filters/CInlineFilter.php(59): SiteController->filterAccessControl()
#9 /var/www/yiiBaseFrontAndBack/1.1.10/web/filters/CFilterChain.php(131): CInlineFilter->filter()
#10 /var/www/yiiBaseFrontAndBack/1.1.10/web/CController.php(292): CFilterChain->run()
#11 /var/www/yiiBaseFrontAndBack/1.1.10/web/CController.php(266): SiteController->runActionWithFilters()
#12 /var/www/yiiBaseFrontAndBack/1.1.10/web/CWebApplication.php(276): SiteController->run()
#13 /var/www/yiiBaseFrontAndBack/1.1.10/web/CWebApplication.php(135): CWebApplication->runController()
#14 /var/www/yiiBaseFrontAndBack/1.1.10/base/CApplication.php(162): CWebApplication->processRequest()
#15 /var/www/yiiBaseFrontAndBack/protected/components/WebApplicationEndBehavior.php(21): CWebApplication->run()
#16 unknown(0): WebApplicationEndBehavior->runEnd()
#17 /var/www/yiiBaseFrontAndBack/1.1.10/base/CComponent.php(261): call_user_func_array()
#18 /var/www/yiiBaseFrontAndBack/admin.php(8): CWebApplication->__call()
#19 /var/www/yiiBaseFrontAndBack/admin.php(8): CWebApplication->runEnd()
REQUEST_URI=/yiiBaseFrontAndBack/admin.php
in /var/www/yiiBaseFrontAndBack/protected/views/admin/site/index.php (21)
in /var/www/yiiBaseFrontAndBack/protected/controllers/admin/SiteController.php (32)
in /var/www/yiiBaseFrontAndBack/protected/components/WebApplicationEndBehavior.php (21)
